
> supabase-auth-starter@0.1.0 build
> next build

  ▲ Next.js 14.2.32
  - Environments: .env.local

   Creating an optimized production build ...
 ✓ Compiled successfully
   Linting and checking validity of types ...

./src/components/hacks/Checklist.tsx
33:6  Warning: React Hook useEffect has a missing dependency: 'loadChecksAndProgress'. Either include it or remove the dependency array.  react-hooks/exhaustive-deps

./src/components/levels/HackModalEnhanced.tsx
107:6  Warning: React Hook useCallback has an unnecessary dependency: 'levelSlug'. Either exclude it or remove the dependency array.  react-hooks/exhaustive-deps

./src/components/levels/HackTreeNode.tsx
26:9  Warning: The 'prerequisites' logical expression could make the dependencies of useEffect Hook (at line 59) change on every render. To fix this, wrap the initialization of 'prerequisites' in its own useMemo() Hook.  react-hooks/exhaustive-deps

./src/components/levels/UnifiedCanvas.tsx
227:6  Warning: React Hook useEffect has a missing dependency: 'setCurrentView'. Either include it or remove the dependency array.  react-hooks/exhaustive-deps

./src/components/levels/VirtualSkillsTree.tsx
216:6  Warning: React Hook useCallback has an unnecessary dependency: 'handleHackClick'. Either exclude it or remove the dependency array.  react-hooks/exhaustive-deps

./src/components/routines/AnonymousRoutinePlayer.tsx
258:6  Warning: React Hook useEffect has a missing dependency: 'currentHack.name'. Either include it or remove the dependency array.  react-hooks/exhaustive-deps
301:6  Warning: React Hook useEffect has missing dependencies: 'cancelAutoplay' and 'countdown'. Either include them or remove the dependency array.  react-hooks/exhaustive-deps

./src/components/routines/RoutinePlayer.tsx
351:6  Warning: React Hook useEffect has a missing dependency: 'currentHack.name'. Either include it or remove the dependency array.  react-hooks/exhaustive-deps

./src/hooks/useScrollManager.ts
284:6  Warning: React Hook useEffect has a missing dependency: 'scrollManager'. Either include it or remove the dependency array.  react-hooks/exhaustive-deps
291:6  Warning: React Hook useEffect has a missing dependency: 'scrollManager'. Either include it or remove the dependency array.  react-hooks/exhaustive-deps

info  - Need to disable some ESLint rules? Learn more here: https://nextjs.org/docs/basic-features/eslint#disabling-rules
Failed to compile.

./src/components/cards/RoutineCard.tsx:35:14
Type error: Argument of type 'string' is not assignable to parameter of type 'number'.

[0m [90m 33 |[39m     e[33m.[39mpreventDefault()[33m;[39m[0m
[0m [90m 34 |[39m     e[33m.[39mstopPropagation()[33m;[39m[0m
[0m[31m[1m>[22m[39m[90m 35 |[39m     onEdit[33m?[39m[33m.[39m(routine[33m.[39mid)[33m;[39m[0m
[0m [90m    |[39m              [31m[1m^[22m[39m[0m
[0m [90m 36 |[39m   }[33m;[39m[0m
[0m [90m 37 |[39m[0m
[0m [90m 38 |[39m   [36mconst[39m handleDelete [33m=[39m (e[33m:[39m [33mReact[39m[33m.[39m[33mMouseEvent[39m) [33m=>[39m {[0m
Next.js build worker exited with code: 1 and signal: null
